2024-08-18 10:28:29 [main] INFO  c.R.SpringAndSpringBootApplication - Starting SpringAndSpringBootApplication using Java 22 with PID 1564 (C:\Users\GhadyG\Desktop\spring-boot-rest-clients-end\target\classes started by GhadyG in C:\Users\GhadyG\Desktop\spring-boot-rest-clients-end)
2024-08-18 10:28:29 [main] INFO  c.R.SpringAndSpringBootApplication - No active profile set, falling back to 1 default profile: "default"
2024-08-18 10:28:30 [main] INFO  o.s.b.w.e.tomcat.TomcatWebServer - Tomcat initialized with port 8080 (http)
2024-08-18 10:28:30 [main] INFO  o.a.coyote.http11.Http11NioProtocol - Initializing ProtocolHandler ["http-nio-8080"]
2024-08-18 10:28:30 [main] INFO  o.a.catalina.core.StandardService - Starting service [Tomcat]
2024-08-18 10:28:30 [main] INFO  o.a.catalina.core.StandardEngine - Starting Servlet engine: [Apache Tomcat/10.1.20]
2024-08-18 10:28:30 [main] INFO  o.a.c.c.C.[Tomcat].[localhost].[/] - Initializing Spring embedded WebApplicationContext
2024-08-18 10:28:30 [main] INFO  o.s.b.w.s.c.ServletWebServerApplicationContext - Root WebApplicationContext: initialization completed in 990 ms
2024-08-18 10:28:31 [main] INFO  o.s.b.a.e.web.EndpointLinksResolver - Exposing 1 endpoint(s) beneath base path '/actuator'
2024-08-18 10:28:31 [main] INFO  o.a.coyote.http11.Http11NioProtocol - Starting ProtocolHandler ["http-nio-8080"]
2024-08-18 10:28:31 [main] INFO  o.s.b.w.e.tomcat.TomcatWebServer - Tomcat started on port 8080 (http) with context path ''
2024-08-18 10:28:31 [main] INFO  c.R.SpringAndSpringBootApplication - Started SpringAndSpringBootApplication in 2.32 seconds (process running for 2.563)
2024-08-18 10:29:29 [main] INFO  c.R.SpringAndSpringBootApplication - Starting SpringAndSpringBootApplication using Java 22 with PID 6704 (C:\Users\GhadyG\Desktop\spring-boot-rest-clients-end\target\classes started by GhadyG in C:\Users\GhadyG\Desktop\spring-boot-rest-clients-end)
2024-08-18 10:29:29 [main] INFO  c.R.SpringAndSpringBootApplication - No active profile set, falling back to 1 default profile: "default"
2024-08-18 10:29:30 [main] INFO  o.s.b.w.e.tomcat.TomcatWebServer - Tomcat initialized with port 8080 (http)
2024-08-18 10:29:30 [main] INFO  o.a.coyote.http11.Http11NioProtocol - Initializing ProtocolHandler ["http-nio-8080"]
2024-08-18 10:29:30 [main] INFO  o.a.catalina.core.StandardService - Starting service [Tomcat]
2024-08-18 10:29:30 [main] INFO  o.a.catalina.core.StandardEngine - Starting Servlet engine: [Apache Tomcat/10.1.20]
2024-08-18 10:29:30 [main] INFO  o.a.c.c.C.[Tomcat].[localhost].[/] - Initializing Spring embedded WebApplicationContext
2024-08-18 10:29:30 [main] INFO  o.s.b.w.s.c.ServletWebServerApplicationContext - Root WebApplicationContext: initialization completed in 1095 ms
2024-08-18 10:29:31 [main] INFO  o.s.b.a.e.web.EndpointLinksResolver - Exposing 1 endpoint(s) beneath base path '/actuator'
2024-08-18 10:29:31 [main] INFO  o.a.coyote.http11.Http11NioProtocol - Starting ProtocolHandler ["http-nio-8080"]
2024-08-18 10:29:31 [main] INFO  o.s.b.w.e.tomcat.TomcatWebServer - Tomcat started on port 8080 (http) with context path ''
2024-08-18 10:29:31 [main] INFO  c.R.SpringAndSpringBootApplication - Started SpringAndSpringBootApplication in 2.526 seconds (process running for 2.831)
2024-08-18 10:29:53 [http-nio-8080-exec-1] INFO  o.a.c.c.C.[Tomcat].[localhost].[/] - Initializing Spring DispatcherServlet 'dispatcherServlet'
2024-08-18 10:29:53 [http-nio-8080-exec-1] INFO  o.s.web.servlet.DispatcherServlet - Initializing Servlet 'dispatcherServlet'
2024-08-18 10:29:53 [http-nio-8080-exec-1] INFO  o.s.web.servlet.DispatcherServlet - Completed initialization in 1 ms
2024-08-18 10:31:45 [main] INFO  c.R.SpringAndSpringBootApplication - Starting SpringAndSpringBootApplication using Java 22 with PID 5936 (C:\Users\GhadyG\Desktop\spring-boot-rest-clients-end\target\classes started by GhadyG in C:\Users\GhadyG\Desktop\spring-boot-rest-clients-end)
2024-08-18 10:31:45 [main] INFO  c.R.SpringAndSpringBootApplication - No active profile set, falling back to 1 default profile: "default"
2024-08-18 10:31:46 [main] INFO  o.s.b.w.e.tomcat.TomcatWebServer - Tomcat initialized with port 8080 (http)
2024-08-18 10:31:46 [main] INFO  o.a.coyote.http11.Http11NioProtocol - Initializing ProtocolHandler ["http-nio-8080"]
2024-08-18 10:31:46 [main] INFO  o.a.catalina.core.StandardService - Starting service [Tomcat]
2024-08-18 10:31:46 [main] INFO  o.a.catalina.core.StandardEngine - Starting Servlet engine: [Apache Tomcat/10.1.20]
2024-08-18 10:31:46 [main] INFO  o.a.c.c.C.[Tomcat].[localhost].[/] - Initializing Spring embedded WebApplicationContext
2024-08-18 10:31:46 [main] INFO  o.s.b.w.s.c.ServletWebServerApplicationContext - Root WebApplicationContext: initialization completed in 1093 ms
2024-08-18 10:31:47 [main] INFO  o.s.b.a.e.web.EndpointLinksResolver - Exposing 13 endpoint(s) beneath base path '/actuator'
2024-08-18 10:31:47 [main] INFO  o.a.coyote.http11.Http11NioProtocol - Starting ProtocolHandler ["http-nio-8080"]
2024-08-18 10:31:47 [main] INFO  o.s.b.w.e.tomcat.TomcatWebServer - Tomcat started on port 8080 (http) with context path ''
2024-08-18 10:31:47 [main] INFO  c.R.SpringAndSpringBootApplication - Started SpringAndSpringBootApplication in 2.482 seconds (process running for 2.758)
2024-08-18 10:31:49 [http-nio-8080-exec-1] INFO  o.a.c.c.C.[Tomcat].[localhost].[/] - Initializing Spring DispatcherServlet 'dispatcherServlet'
2024-08-18 10:31:49 [http-nio-8080-exec-1] INFO  o.s.web.servlet.DispatcherServlet - Initializing Servlet 'dispatcherServlet'
2024-08-18 10:31:49 [http-nio-8080-exec-1] INFO  o.s.web.servlet.DispatcherServlet - Completed initialization in 1 ms
2024-08-18 10:34:55 [main] INFO  c.R.SpringAndSpringBootApplication - Starting SpringAndSpringBootApplication using Java 22 with PID 11588 (C:\Users\GhadyG\Desktop\spring-boot-rest-clients-end\target\classes started by GhadyG in C:\Users\GhadyG\Desktop\spring-boot-rest-clients-end)
2024-08-18 10:34:55 [main] INFO  c.R.SpringAndSpringBootApplication - No active profile set, falling back to 1 default profile: "default"
2024-08-18 10:34:56 [main] INFO  o.s.b.w.e.tomcat.TomcatWebServer - Tomcat initialized with port 8080 (http)
2024-08-18 10:34:56 [main] INFO  o.a.coyote.http11.Http11NioProtocol - Initializing ProtocolHandler ["http-nio-8080"]
2024-08-18 10:34:56 [main] INFO  o.a.catalina.core.StandardService - Starting service [Tomcat]
2024-08-18 10:34:56 [main] INFO  o.a.catalina.core.StandardEngine - Starting Servlet engine: [Apache Tomcat/10.1.20]
2024-08-18 10:34:56 [main] INFO  o.a.c.c.C.[Tomcat].[localhost].[/] - Initializing Spring embedded WebApplicationContext
2024-08-18 10:34:56 [main] INFO  o.s.b.w.s.c.ServletWebServerApplicationContext - Root WebApplicationContext: initialization completed in 1041 ms
2024-08-18 10:34:57 [main] INFO  o.s.b.a.e.web.EndpointLinksResolver - Exposing 14 endpoint(s) beneath base path '/actuator'
2024-08-18 10:34:57 [main] INFO  o.a.coyote.http11.Http11NioProtocol - Starting ProtocolHandler ["http-nio-8080"]
2024-08-18 10:34:57 [main] INFO  o.s.b.w.e.tomcat.TomcatWebServer - Tomcat started on port 8080 (http) with context path ''
2024-08-18 10:34:57 [main] INFO  c.R.SpringAndSpringBootApplication - Started SpringAndSpringBootApplication in 2.46 seconds (process running for 2.699)
2024-08-18 10:35:17 [http-nio-8080-exec-1] INFO  o.a.c.c.C.[Tomcat].[localhost].[/] - Initializing Spring DispatcherServlet 'dispatcherServlet'
2024-08-18 10:35:17 [http-nio-8080-exec-1] INFO  o.s.web.servlet.DispatcherServlet - Initializing Servlet 'dispatcherServlet'
2024-08-18 10:35:17 [http-nio-8080-exec-1] INFO  o.s.web.servlet.DispatcherServlet - Completed initialization in 1 ms
2024-08-18 10:37:38 [main] INFO  c.R.SpringAndSpringBootApplication - Starting SpringAndSpringBootApplication using Java 22 with PID 15084 (C:\Users\GhadyG\Desktop\spring-boot-rest-clients-end\target\classes started by GhadyG in C:\Users\GhadyG\Desktop\spring-boot-rest-clients-end)
2024-08-18 10:37:38 [main] INFO  c.R.SpringAndSpringBootApplication - No active profile set, falling back to 1 default profile: "default"
2024-08-18 10:37:39 [main] INFO  o.s.b.w.e.tomcat.TomcatWebServer - Tomcat initialized with port 8080 (http)
2024-08-18 10:37:39 [main] INFO  o.a.coyote.http11.Http11NioProtocol - Initializing ProtocolHandler ["http-nio-8080"]
2024-08-18 10:37:39 [main] INFO  o.a.catalina.core.StandardService - Starting service [Tomcat]
2024-08-18 10:37:39 [main] INFO  o.a.catalina.core.StandardEngine - Starting Servlet engine: [Apache Tomcat/10.1.20]
2024-08-18 10:37:39 [main] INFO  o.a.c.c.C.[Tomcat].[localhost].[/] - Initializing Spring embedded WebApplicationContext
2024-08-18 10:37:39 [main] INFO  o.s.b.w.s.c.ServletWebServerApplicationContext - Root WebApplicationContext: initialization completed in 1072 ms
2024-08-18 10:37:40 [main] INFO  o.s.b.a.e.web.EndpointLinksResolver - Exposing 2 endpoint(s) beneath base path '/actuator'
2024-08-18 10:37:40 [main] INFO  o.a.coyote.http11.Http11NioProtocol - Starting ProtocolHandler ["http-nio-8080"]
2024-08-18 10:37:40 [main] INFO  o.s.b.w.e.tomcat.TomcatWebServer - Tomcat started on port 8080 (http) with context path ''
2024-08-18 10:37:40 [main] INFO  c.R.SpringAndSpringBootApplication - Started SpringAndSpringBootApplication in 2.349 seconds (process running for 2.592)
2024-08-18 10:37:42 [http-nio-8080-exec-1] INFO  o.a.c.c.C.[Tomcat].[localhost].[/] - Initializing Spring DispatcherServlet 'dispatcherServlet'
2024-08-18 10:37:42 [http-nio-8080-exec-1] INFO  o.s.web.servlet.DispatcherServlet - Initializing Servlet 'dispatcherServlet'
2024-08-18 10:37:42 [http-nio-8080-exec-1] INFO  o.s.web.servlet.DispatcherServlet - Completed initialization in 1 ms
